2024-11-01 13:58:55,958 - log.py[38] - DEBUG: entry file content: ---------------------------------
2024-11-01 13:58:55,958 - log.py[39] - DEBUG: 
import glob
import os
import argparse
import time
import sys

print(sys.path)
sys.path.append(os.getcwd())

from cv_task.image_classification.cifar.models import resnet18
import torch
from legodnn.block_detection.model_topology_extraction import topology_extraction
from legodnn.presets.common_detection_manager_1204_new import CommonDetectionManager
from legodnn.model_manager.common_model_manager import CommonModelManager
from legodnn.presets.auto_block_manager import AutoBlockManager
from offload.deployment import OptimalRuntime, BlockProfiler
from legodnn.utils.dl.common.model import get_model_size
from offload.net.client import LegodnnProfilesClient, LegodnnSendingClient, MoniterBWupClient, MoniterBWdownClient
from apscheduler.schedulers.background import BackgroundScheduler
import logging


parser = argparse.ArgumentParser()
parser.add_argument('--ip', type=str, help='ip地址', default='10.1.114.109')
parser.add_argument('--port', type=int, help='端口号', default=9999)
parser.add_argument('--path', type=str, help='保存路径', default='./results/legodnn')
parser.add_argument('--edge_device', type=str, help='使用设备', default='cpu')
parser.add_argument('--cloud_device', type=str, help='使用设备', default='cuda')
args = parser.parse_args()

logging.getLogger('apscheduler').setLevel(logging.WARNING)

def start_monitor_bwup(ip):
    monitor_ser = MoniterBWupClient(ip=ip, port=6666)
    monitor_ser.start()
    # monitor_ser.join()

def scheduler_for_bandwidth_monitor_bwup(ip, interval):
    # 创建调度器
    scheduler = BackgroundScheduler(timezone='MST')
    scheduler.add_job(start_monitor_bwup, 'interval', seconds=interval, args=[ip])
    scheduler.start()

def start_monitor_bwdown(ip):
    monitor_cli = MoniterBWdownClient(ip=ip, port=6667)
    monitor_cli.start()

def scheduler_for_bandwidth_monitor_bwdown(ip, interval):
    # 创建调度器
    scheduler = BackgroundScheduler(timezone='MST')
    # 每隔 interval 秒就创建一个带宽监视进程 用来获取最新带宽
    scheduler.add_job(start_monitor_bwdown, 'interval', seconds=interval, args=[ip])
    scheduler.start()

if __name__ == '__main__':
    cv_task = 'image_classification'
    dataset_name = 'cifar100'
    model_name = 'resnet18'
    method = 'legodnn'
    edge_device = args.edge_device
    cloud_device = args.cloud_device
    compress_layer_max_ratio = 0.125
    model_input_size = (1, 3, 32, 32)

    block_sparsity = [0.0, 0.2, 0.4, 0.6, 0.8]
    root_path = os.path.join(args.path, cv_task,
                             model_name + '_' + dataset_name + '_' + str(compress_layer_max_ratio).replace('.', '-'))

    compressed_blocks_dir_path = root_path + '/compressed'
    trained_blocks_dir_path = root_path + '/trained'
    descendant_models_dir_path = root_path + '/descendant'
    offload_dir_path = root_path + '/offload'
    block_training_max_epoch = 65
    test_sample_num = 100
    ip = args.ip
    # ip = '127.0.0.1'
    port = args.port

    # checkpoint = '/data/gxy/legodnn-auto-on-cv-models/cv_task_model/image_classification/cifar100/resnet18/2024-10-14/20-15-10/resnet18.pth'
    teacher_model = resnet18(num_classes=100).to(edge_device)
    # teacher_model.load_state_dict(torch.load(checkpoint)['net'])

    monitor_cli = MoniterBWupClient(ip=ip, port=6666)
    monitor_cli.start()
    monitor_cli.join()

    monitor_cli = MoniterBWdownClient(ip=ip, port=6667)
    monitor_cli.start()
    monitor_cli.join()

    scheduler_for_bandwidth_monitor_bwup(ip, 3)
    scheduler_for_bandwidth_monitor_bwdown(ip, 3)

    print('\033[1;36m-------------------------------->    BUILD LEGODNN GRAPH\033[0m')
    model_graph = topology_extraction(teacher_model, model_input_size, device=edge_device, mode='unpack')
    model_graph.print_ordered_node()

    print('\033[1;36m-------------------------------->    START BLOCK DETECTION\033[0m')
    detection_manager = CommonDetectionManager(model_graph, max_ratio=compress_layer_max_ratio)
    detection_manager.detection_all_blocks()
    detection_manager.print_all_blocks()

    model_manager = CommonModelManager()
    block_manager = AutoBlockManager(block_sparsity, detection_manager, model_manager)

    print('\033[1;36m-------------------------------->    CHECK BLOCK PROFILES\033[0m')
    p_client = LegodnnProfilesClient(ip, 9000, trained_blocks_dir_path)
    p_client.start()
    p_client.join()

    print('\033[1;36m-------------------------------->    START BLOCK PROFILING\033[0m')
    edge_block_profiler = BlockProfiler(block_manager, model_manager, trained_blocks_dir_path, offload_dir_path, test_sample_num, model_input_size, edge_device, 'edge')
    edge_block_profiler.profile_all_blocks()

    print('\033[1;36m-------------------------------->    TRANSMIT EDGE PROFILES\033[0m')
    s_client = LegodnnSendingClient(ip, 9001, offload_dir_path)
    s_client.start()
    s_client.join()

    while True:
        time.sleep(1)

    # optimal_runtime = OptimalRuntime(trained_blocks_dir_path, offload_dir_path, model_input_size, block_manager, model_manager, device)
    # model_size_min = get_model_size(torch.load(os.path.join(compressed_blocks_dir_path, 'model_frame.pt'))) / 1024 ** 2
    # model_size_max = get_model_size(teacher_model) / 1024 ** 2 + 1

2024-11-01 13:58:55,961 - log.py[40] - DEBUG: entry file content: ---------------------------------
2024-11-01 13:59:07,240 - deployment.py[124] - INFO: raw block info: {"index": 0, "id": "block-0", "latency": 0.0007730388641357422}
2024-11-01 13:59:07,536 - deployment.py[124] - INFO: raw block info: {"index": 1, "id": "block-1", "latency": 0.0014616942405700684}
2024-11-01 13:59:07,734 - deployment.py[124] - INFO: raw block info: {"index": 2, "id": "block-2", "latency": 0.000636131763458252}
2024-11-01 13:59:07,990 - deployment.py[124] - INFO: raw block info: {"index": 3, "id": "block-3", "latency": 0.0005482053756713868}
2024-11-01 13:59:08,250 - deployment.py[124] - INFO: raw block info: {"index": 4, "id": "block-4", "latency": 0.0013257575035095215}
2024-11-01 13:59:08,445 - deployment.py[124] - INFO: raw block info: {"index": 5, "id": "block-5", "latency": 0.0006979799270629883}
2024-11-01 13:59:08,602 - deployment.py[124] - INFO: raw block info: {"index": 6, "id": "block-6", "latency": 0.0006957817077636719}
2024-11-01 13:59:08,857 - deployment.py[124] - INFO: raw block info: {"index": 7, "id": "block-7", "latency": 0.0007264328002929688}
2024-11-01 13:59:08,860 - pure_runtime.py[26] - INFO: load blocks with sparsity [0.0, 0.0, 0.0, 0.0, 0.0, 0.0, 0.0, 0.0]
2024-11-01 13:59:08,863 - pure_runtime.py[42] - DEBUG: load 0th block (block-0) (sparsity 0.0) from file
2024-11-01 13:59:08,866 - pure_runtime.py[42] - DEBUG: load 1th block (block-1) (sparsity 0.0) from file
2024-11-01 13:59:08,868 - pure_runtime.py[42] - DEBUG: load 2th block (block-2) (sparsity 0.0) from file
2024-11-01 13:59:08,871 - pure_runtime.py[42] - DEBUG: load 3th block (block-3) (sparsity 0.0) from file
2024-11-01 13:59:08,876 - pure_runtime.py[42] - DEBUG: load 4th block (block-4) (sparsity 0.0) from file
2024-11-01 13:59:08,885 - pure_runtime.py[42] - DEBUG: load 5th block (block-5) (sparsity 0.0) from file
2024-11-01 13:59:08,898 - pure_runtime.py[42] - DEBUG: load 6th block (block-6) (sparsity 0.0) from file
2024-11-01 13:59:08,916 - pure_runtime.py[42] - DEBUG: load 7th block (block-7) (sparsity 0.0) from file
2024-11-01 13:59:10,670 - deployment.py[187] - INFO: block block-0 (sparsity 0.0) latency rel drop: 0.000% (0.001s -> 0.001s)
2024-11-01 13:59:11,002 - deployment.py[187] - INFO: block block-0 (sparsity 0.2) latency rel drop: -6.627% (0.001s -> 0.002s)
2024-11-01 13:59:11,330 - deployment.py[187] - INFO: block block-0 (sparsity 0.4) latency rel drop: -4.005% (0.001s -> 0.002s)
2024-11-01 13:59:11,628 - deployment.py[187] - INFO: block block-0 (sparsity 0.6) latency rel drop: 11.461% (0.001s -> 0.001s)
2024-11-01 13:59:11,896 - deployment.py[187] - INFO: block block-0 (sparsity 0.8) latency rel drop: 9.791% (0.001s -> 0.001s)
2024-11-01 13:59:12,505 - deployment.py[187] - INFO: block block-1 (sparsity 0.0) latency rel drop: 0.000% (0.001s -> 0.001s)
2024-11-01 13:59:12,767 - deployment.py[187] - INFO: block block-1 (sparsity 0.2) latency rel drop: 48.829% (0.001s -> 0.001s)
2024-11-01 13:59:13,058 - deployment.py[187] - INFO: block block-1 (sparsity 0.4) latency rel drop: 7.043% (0.001s -> 0.001s)
2024-11-01 13:59:13,344 - deployment.py[187] - INFO: block block-1 (sparsity 0.6) latency rel drop: 5.553% (0.001s -> 0.001s)
2024-11-01 13:59:13,605 - deployment.py[187] - INFO: block block-1 (sparsity 0.8) latency rel drop: 47.960% (0.001s -> 0.001s)
2024-11-01 13:59:13,993 - deployment.py[187] - INFO: block block-2 (sparsity 0.0) latency rel drop: 0.000% (0.001s -> 0.001s)
2024-11-01 13:59:14,187 - deployment.py[187] - INFO: block block-2 (sparsity 0.2) latency rel drop: -0.903% (0.001s -> 0.001s)
2024-11-01 13:59:14,360 - deployment.py[187] - INFO: block block-2 (sparsity 0.4) latency rel drop: 22.019% (0.001s -> 0.001s)
2024-11-01 13:59:14,541 - deployment.py[187] - INFO: block block-2 (sparsity 0.6) latency rel drop: 10.117% (0.001s -> 0.001s)
2024-11-01 13:59:14,675 - deployment.py[187] - INFO: block block-2 (sparsity 0.8) latency rel drop: 5.180% (0.001s -> 0.001s)
2024-11-01 13:59:15,264 - deployment.py[187] - INFO: block block-3 (sparsity 0.0) latency rel drop: 0.000% (0.001s -> 0.001s)
2024-11-01 13:59:15,557 - deployment.py[187] - INFO: block block-3 (sparsity 0.2) latency rel drop: -0.043% (0.001s -> 0.001s)
2024-11-01 13:59:15,825 - deployment.py[187] - INFO: block block-3 (sparsity 0.4) latency rel drop: 7.107% (0.001s -> 0.001s)
2024-11-01 13:59:16,087 - deployment.py[187] - INFO: block block-3 (sparsity 0.6) latency rel drop: 9.261% (0.001s -> 0.001s)
2024-11-01 13:59:16,340 - deployment.py[187] - INFO: block block-3 (sparsity 0.8) latency rel drop: 48.770% (0.001s -> 0.001s)
2024-11-01 13:59:16,970 - deployment.py[187] - INFO: block block-4 (sparsity 0.0) latency rel drop: 0.000% (0.001s -> 0.001s)
2024-11-01 13:59:17,151 - deployment.py[187] - INFO: block block-4 (sparsity 0.2) latency rel drop: 55.753% (0.001s -> 0.001s)
2024-11-01 13:59:17,321 - deployment.py[187] - INFO: block block-4 (sparsity 0.4) latency rel drop: 54.018% (0.001s -> 0.001s)
2024-11-01 13:59:17,469 - deployment.py[187] - INFO: block block-4 (sparsity 0.6) latency rel drop: 52.686% (0.001s -> 0.001s)
2024-11-01 13:59:17,615 - deployment.py[187] - INFO: block block-4 (sparsity 0.8) latency rel drop: 50.917% (0.001s -> 0.001s)
2024-11-01 13:59:18,093 - deployment.py[187] - INFO: block block-5 (sparsity 0.0) latency rel drop: 0.000% (0.001s -> 0.001s)
2024-11-01 13:59:18,335 - deployment.py[187] - INFO: block block-5 (sparsity 0.2) latency rel drop: -1.280% (0.001s -> 0.001s)
2024-11-01 13:59:18,550 - deployment.py[187] - INFO: block block-5 (sparsity 0.4) latency rel drop: 21.370% (0.001s -> 0.001s)
2024-11-01 13:59:18,763 - deployment.py[187] - INFO: block block-5 (sparsity 0.6) latency rel drop: -0.418% (0.001s -> 0.001s)
2024-11-01 13:59:18,966 - deployment.py[187] - INFO: block block-5 (sparsity 0.8) latency rel drop: 10.527% (0.001s -> 0.001s)
2024-11-01 13:59:19,298 - deployment.py[187] - INFO: block block-6 (sparsity 0.0) latency rel drop: 0.000% (0.001s -> 0.001s)
2024-11-01 13:59:19,414 - deployment.py[187] - INFO: block block-6 (sparsity 0.2) latency rel drop: 20.204% (0.001s -> 0.001s)
2024-11-01 13:59:19,551 - deployment.py[187] - INFO: block block-6 (sparsity 0.4) latency rel drop: 15.867% (0.001s -> 0.001s)
2024-11-01 13:59:19,655 - deployment.py[187] - INFO: block block-6 (sparsity 0.6) latency rel drop: 45.339% (0.001s -> 0.000s)
2024-11-01 13:59:19,754 - deployment.py[187] - INFO: block block-6 (sparsity 0.8) latency rel drop: 29.291% (0.001s -> 0.001s)
2024-11-01 13:59:20,300 - deployment.py[187] - INFO: block block-7 (sparsity 0.0) latency rel drop: 0.000% (0.001s -> 0.001s)
2024-11-01 13:59:20,555 - deployment.py[187] - INFO: block block-7 (sparsity 0.2) latency rel drop: 1.987% (0.001s -> 0.001s)
2024-11-01 13:59:20,774 - deployment.py[187] - INFO: block block-7 (sparsity 0.4) latency rel drop: 6.186% (0.001s -> 0.001s)
2024-11-01 13:59:20,931 - deployment.py[187] - INFO: block block-7 (sparsity 0.6) latency rel drop: 22.295% (0.001s -> 0.001s)
2024-11-01 13:59:21,112 - deployment.py[187] - INFO: block block-7 (sparsity 0.8) latency rel drop: 17.545% (0.001s -> 0.001s)
