2024-11-01 14:16:06,573 - log.py[38] - DEBUG: entry file content: ---------------------------------
2024-11-01 14:16:06,573 - log.py[39] - DEBUG: 
import glob
import os
import argparse
import time
import sys

sys.path.append(os.getcwd())

from cv_task.image_classification.cifar.models import resnet18
import torch
from legodnn.block_detection.model_topology_extraction import topology_extraction
from legodnn.presets.common_detection_manager_1204_new import CommonDetectionManager
from legodnn.model_manager.common_model_manager import CommonModelManager
from legodnn.presets.auto_block_manager import AutoBlockManager
from offload.deployment import OptimalRuntime, BlockProfiler
from legodnn.utils.dl.common.model import get_model_size
from offload.net.client import LegodnnProfilesClient, LegodnnSendingClient, MoniterBWupClient, MoniterBWdownClient
from apscheduler.schedulers.background import BackgroundScheduler
import logging


parser = argparse.ArgumentParser()
parser.add_argument('--ip', type=str, help='ip地址', default='10.1.114.109')
parser.add_argument('--port', type=int, help='端口号', default=9999)
parser.add_argument('--path', type=str, help='保存路径', default='./results/legodnn')
parser.add_argument('--edge_device', type=str, help='使用设备', default='cpu')
parser.add_argument('--cloud_device', type=str, help='使用设备', default='cuda')
args = parser.parse_args()

logging.getLogger('apscheduler').setLevel(logging.WARNING)

def start_monitor_bwup(ip):
    monitor_ser = MoniterBWupClient(ip=ip, port=6666)
    monitor_ser.start()
    # monitor_ser.join()

def scheduler_for_bandwidth_monitor_bwup(ip, interval):
    # 创建调度器
    scheduler = BackgroundScheduler(timezone='MST')
    scheduler.add_job(start_monitor_bwup, 'interval', seconds=interval, args=[ip])
    scheduler.start()

def start_monitor_bwdown(ip):
    monitor_cli = MoniterBWdownClient(ip=ip, port=6667)
    monitor_cli.start()

def scheduler_for_bandwidth_monitor_bwdown(ip, interval):
    # 创建调度器
    scheduler = BackgroundScheduler(timezone='MST')
    # 每隔 interval 秒就创建一个带宽监视进程 用来获取最新带宽
    scheduler.add_job(start_monitor_bwdown, 'interval', seconds=interval, args=[ip])
    scheduler.start()

if __name__ == '__main__':
    cv_task = 'image_classification'
    dataset_name = 'cifar100'
    model_name = 'resnet18'
    method = 'legodnn'
    edge_device = args.edge_device
    cloud_device = args.cloud_device
    compress_layer_max_ratio = 0.125
    model_input_size = (1, 3, 32, 32)

    block_sparsity = [0.0, 0.2, 0.4, 0.6, 0.8]
    root_path = os.path.join(args.path, cv_task,
                             model_name + '_' + dataset_name + '_' + str(compress_layer_max_ratio).replace('.', '-'))

    compressed_blocks_dir_path = root_path + '/compressed'
    trained_blocks_dir_path = root_path + '/trained'
    descendant_models_dir_path = root_path + '/descendant'
    offload_dir_path = root_path + '/offload'
    block_training_max_epoch = 65
    test_sample_num = 100
    ip = args.ip
    # ip = '127.0.0.1'
    port = args.port

    # checkpoint = '/data/gxy/legodnn-auto-on-cv-models/cv_task_model/image_classification/cifar100/resnet18/2024-10-14/20-15-10/resnet18.pth'
    teacher_model = resnet18(num_classes=100).to(edge_device)
    # teacher_model.load_state_dict(torch.load(checkpoint)['net'])

    monitor_cli = MoniterBWupClient(ip=ip, port=6666)
    monitor_cli.start()
    monitor_cli.join()

    monitor_cli = MoniterBWdownClient(ip=ip, port=6667)
    monitor_cli.start()
    monitor_cli.join()

    scheduler_for_bandwidth_monitor_bwup(ip, 3)
    scheduler_for_bandwidth_monitor_bwdown(ip, 3)

    print('\033[1;36m-------------------------------->    BUILD LEGODNN GRAPH\033[0m')
    model_graph = topology_extraction(teacher_model, model_input_size, device=edge_device, mode='unpack')
    model_graph.print_ordered_node()

    print('\033[1;36m-------------------------------->    START BLOCK DETECTION\033[0m')
    detection_manager = CommonDetectionManager(model_graph, max_ratio=compress_layer_max_ratio)
    detection_manager.detection_all_blocks()
    detection_manager.print_all_blocks()

    model_manager = CommonModelManager()
    block_manager = AutoBlockManager(block_sparsity, detection_manager, model_manager)

    print('\033[1;36m-------------------------------->    CHECK BLOCK PROFILES\033[0m')
    p_client = LegodnnProfilesClient(ip, 9000, trained_blocks_dir_path)
    p_client.start()
    p_client.join()

    print('\033[1;36m-------------------------------->    START BLOCK PROFILING\033[0m')
    edge_block_profiler = BlockProfiler(block_manager, model_manager, trained_blocks_dir_path, offload_dir_path, test_sample_num, model_input_size, edge_device, 'edge')
    edge_block_profiler.profile_all_blocks()

    print('\033[1;36m-------------------------------->    TRANSMIT EDGE PROFILES\033[0m')
    s_client = LegodnnSendingClient(ip, 9001, offload_dir_path)
    s_client.start()
    s_client.join()

    while True:
        time.sleep(1)

    # optimal_runtime = OptimalRuntime(trained_blocks_dir_path, offload_dir_path, model_input_size, block_manager, model_manager, device)
    # model_size_min = get_model_size(torch.load(os.path.join(compressed_blocks_dir_path, 'model_frame.pt'))) / 1024 ** 2
    # model_size_max = get_model_size(teacher_model) / 1024 ** 2 + 1

2024-11-01 14:16:06,574 - log.py[40] - DEBUG: entry file content: ---------------------------------
2024-11-01 14:16:19,127 - deployment.py[124] - INFO: raw block info: {"index": 0, "id": "block-0", "latency": 0.0012901663780212403}
2024-11-01 14:16:19,409 - deployment.py[124] - INFO: raw block info: {"index": 1, "id": "block-1", "latency": 0.0012877631187438966}
2024-11-01 14:16:19,594 - deployment.py[124] - INFO: raw block info: {"index": 2, "id": "block-2", "latency": 0.000657665729522705}
2024-11-01 14:16:19,829 - deployment.py[124] - INFO: raw block info: {"index": 3, "id": "block-3", "latency": 0.0007414579391479492}
2024-11-01 14:16:20,088 - deployment.py[124] - INFO: raw block info: {"index": 4, "id": "block-4", "latency": 0.001332411766052246}
2024-11-01 14:16:20,298 - deployment.py[124] - INFO: raw block info: {"index": 5, "id": "block-5", "latency": 0.0006661367416381836}
2024-11-01 14:16:20,412 - deployment.py[124] - INFO: raw block info: {"index": 6, "id": "block-6", "latency": 0.0005227160453796386}
2024-11-01 14:16:20,642 - deployment.py[124] - INFO: raw block info: {"index": 7, "id": "block-7", "latency": 0.0007563495635986328}
2024-11-01 14:16:20,650 - pure_runtime.py[26] - INFO: load blocks with sparsity [0.0, 0.0, 0.0, 0.0, 0.0, 0.0, 0.0, 0.0]
2024-11-01 14:16:20,654 - pure_runtime.py[42] - DEBUG: load 0th block (block-0) (sparsity 0.0) from file
2024-11-01 14:16:20,657 - pure_runtime.py[42] - DEBUG: load 1th block (block-1) (sparsity 0.0) from file
2024-11-01 14:16:20,659 - pure_runtime.py[42] - DEBUG: load 2th block (block-2) (sparsity 0.0) from file
2024-11-01 14:16:20,663 - pure_runtime.py[42] - DEBUG: load 3th block (block-3) (sparsity 0.0) from file
2024-11-01 14:16:20,668 - pure_runtime.py[42] - DEBUG: load 4th block (block-4) (sparsity 0.0) from file
2024-11-01 14:16:20,673 - pure_runtime.py[42] - DEBUG: load 5th block (block-5) (sparsity 0.0) from file
2024-11-01 14:16:20,682 - pure_runtime.py[42] - DEBUG: load 6th block (block-6) (sparsity 0.0) from file
2024-11-01 14:16:20,694 - pure_runtime.py[42] - DEBUG: load 7th block (block-7) (sparsity 0.0) from file
2024-11-01 14:16:22,293 - deployment.py[187] - INFO: block block-0 (sparsity 0.0) latency rel drop: 0.000% (0.002s -> 0.002s)
2024-11-01 14:16:22,640 - deployment.py[187] - INFO: block block-0 (sparsity 0.2) latency rel drop: -2.301% (0.002s -> 0.002s)
2024-11-01 14:16:22,919 - deployment.py[187] - INFO: block block-0 (sparsity 0.4) latency rel drop: 3.830% (0.002s -> 0.001s)
2024-11-01 14:16:23,231 - deployment.py[187] - INFO: block block-0 (sparsity 0.6) latency rel drop: 9.351% (0.002s -> 0.001s)
2024-11-01 14:16:23,488 - deployment.py[187] - INFO: block block-0 (sparsity 0.8) latency rel drop: 14.002% (0.002s -> 0.001s)
2024-11-01 14:16:24,038 - deployment.py[187] - INFO: block block-1 (sparsity 0.0) latency rel drop: 0.000% (0.001s -> 0.001s)
2024-11-01 14:16:24,317 - deployment.py[187] - INFO: block block-1 (sparsity 0.2) latency rel drop: 5.630% (0.001s -> 0.001s)
2024-11-01 14:16:24,604 - deployment.py[187] - INFO: block block-1 (sparsity 0.4) latency rel drop: 0.221% (0.001s -> 0.001s)
2024-11-01 14:16:24,860 - deployment.py[187] - INFO: block block-1 (sparsity 0.6) latency rel drop: 9.703% (0.001s -> 0.001s)
2024-11-01 14:16:25,087 - deployment.py[187] - INFO: block block-1 (sparsity 0.8) latency rel drop: 8.952% (0.001s -> 0.001s)
2024-11-01 14:16:25,479 - deployment.py[187] - INFO: block block-2 (sparsity 0.0) latency rel drop: 0.000% (0.001s -> 0.001s)
2024-11-01 14:16:25,681 - deployment.py[187] - INFO: block block-2 (sparsity 0.2) latency rel drop: -18.513% (0.001s -> 0.001s)
2024-11-01 14:16:25,874 - deployment.py[187] - INFO: block block-2 (sparsity 0.4) latency rel drop: -2.035% (0.001s -> 0.001s)
2024-11-01 14:16:26,061 - deployment.py[187] - INFO: block block-2 (sparsity 0.6) latency rel drop: -30.209% (0.001s -> 0.001s)
2024-11-01 14:16:26,203 - deployment.py[187] - INFO: block block-2 (sparsity 0.8) latency rel drop: -22.489% (0.001s -> 0.001s)
2024-11-01 14:16:26,959 - deployment.py[187] - INFO: block block-3 (sparsity 0.0) latency rel drop: 0.000% (0.001s -> 0.001s)
2024-11-01 14:16:27,267 - deployment.py[187] - INFO: block block-3 (sparsity 0.2) latency rel drop: -35.823% (0.001s -> 0.001s)
2024-11-01 14:16:27,537 - deployment.py[187] - INFO: block block-3 (sparsity 0.4) latency rel drop: -21.021% (0.001s -> 0.001s)
2024-11-01 14:16:27,797 - deployment.py[187] - INFO: block block-3 (sparsity 0.6) latency rel drop: -7.240% (0.001s -> 0.001s)
2024-11-01 14:16:28,005 - deployment.py[187] - INFO: block block-3 (sparsity 0.8) latency rel drop: 41.744% (0.001s -> 0.001s)
2024-11-01 14:16:28,696 - deployment.py[187] - INFO: block block-4 (sparsity 0.0) latency rel drop: 0.000% (0.001s -> 0.001s)
2024-11-01 14:16:28,857 - deployment.py[187] - INFO: block block-4 (sparsity 0.2) latency rel drop: 60.425% (0.001s -> 0.001s)
2024-11-01 14:16:29,023 - deployment.py[187] - INFO: block block-4 (sparsity 0.4) latency rel drop: 59.267% (0.001s -> 0.001s)
2024-11-01 14:16:29,155 - deployment.py[187] - INFO: block block-4 (sparsity 0.6) latency rel drop: 68.190% (0.001s -> 0.000s)
2024-11-01 14:16:29,255 - deployment.py[187] - INFO: block block-4 (sparsity 0.8) latency rel drop: 70.421% (0.001s -> 0.000s)
2024-11-01 14:16:29,699 - deployment.py[187] - INFO: block block-5 (sparsity 0.0) latency rel drop: 0.000% (0.001s -> 0.001s)
2024-11-01 14:16:29,889 - deployment.py[187] - INFO: block block-5 (sparsity 0.2) latency rel drop: 27.410% (0.001s -> 0.001s)
2024-11-01 14:16:30,092 - deployment.py[187] - INFO: block block-5 (sparsity 0.4) latency rel drop: 1.818% (0.001s -> 0.001s)
2024-11-01 14:16:30,267 - deployment.py[187] - INFO: block block-5 (sparsity 0.6) latency rel drop: 28.653% (0.001s -> 0.001s)
2024-11-01 14:16:30,402 - deployment.py[187] - INFO: block block-5 (sparsity 0.8) latency rel drop: 22.545% (0.001s -> 0.001s)
2024-11-01 14:16:31,605 - deployment.py[187] - INFO: block block-6 (sparsity 0.0) latency rel drop: 0.000% (0.001s -> 0.001s)
2024-11-01 14:16:33,049 - deployment.py[187] - INFO: block block-6 (sparsity 0.2) latency rel drop: -29.358% (0.001s -> 0.001s)
2024-11-01 14:16:36,359 - deployment.py[187] - INFO: block block-6 (sparsity 0.4) latency rel drop: -739.497% (0.001s -> 0.008s)
2024-11-01 14:16:39,488 - deployment.py[187] - INFO: block block-6 (sparsity 0.6) latency rel drop: -1273.746% (0.001s -> 0.013s)
2024-11-01 14:16:42,441 - deployment.py[187] - INFO: block block-6 (sparsity 0.8) latency rel drop: -1327.373% (0.001s -> 0.013s)
2024-11-01 14:16:44,981 - deployment.py[187] - INFO: block block-7 (sparsity 0.0) latency rel drop: 0.000% (0.002s -> 0.002s)
2024-11-01 14:16:45,850 - deployment.py[187] - INFO: block block-7 (sparsity 0.2) latency rel drop: 34.279% (0.002s -> 0.002s)
2024-11-01 14:16:49,229 - deployment.py[187] - INFO: block block-7 (sparsity 0.4) latency rel drop: -468.865% (0.002s -> 0.014s)
2024-11-01 14:16:52,147 - deployment.py[187] - INFO: block block-7 (sparsity 0.6) latency rel drop: -255.938% (0.002s -> 0.009s)
2024-11-01 14:16:59,879 - deployment.py[187] - INFO: block block-7 (sparsity 0.8) latency rel drop: -1068.296% (0.002s -> 0.029s)
