2024-11-01 14:39:39,060 - log.py[38] - DEBUG: entry file content: ---------------------------------
2024-11-01 14:39:39,060 - log.py[39] - DEBUG: 
import glob
import os
import argparse
import time
import sys

sys.path.append(os.getcwd())

from cv_task.image_classification.cifar.models import resnet18
import torch
from legodnn.block_detection.model_topology_extraction import topology_extraction
from legodnn.presets.common_detection_manager_1204_new import CommonDetectionManager
from legodnn.model_manager.common_model_manager import CommonModelManager
from legodnn.presets.auto_block_manager import AutoBlockManager
from offload.deployment import OptimalRuntime, BlockProfiler
from legodnn.utils.dl.common.model import get_model_size
from offload.net.client import LegodnnProfilesClient, LegodnnSendingClient, MoniterBWupClient, MoniterBWdownClient
from apscheduler.schedulers.background import BackgroundScheduler
import logging


parser = argparse.ArgumentParser()
parser.add_argument('--ip', type=str, help='ip地址', default='10.1.114.109')
parser.add_argument('--port', type=int, help='端口号', default=9999)
parser.add_argument('--path', type=str, help='保存路径', default='./results/legodnn')
parser.add_argument('--edge_device', type=str, help='使用设备', default='cpu')
parser.add_argument('--cloud_device', type=str, help='使用设备', default='cuda')
args = parser.parse_args()

logging.getLogger('apscheduler').setLevel(logging.WARNING)

def start_monitor_bwup(ip):
    monitor_ser = MoniterBWupClient(ip=ip, port=6666)
    monitor_ser.start()
    # monitor_ser.join()

def scheduler_for_bandwidth_monitor_bwup(ip, interval):
    # 创建调度器
    scheduler = BackgroundScheduler(timezone='MST')
    scheduler.add_job(start_monitor_bwup, 'interval', seconds=interval, args=[ip])
    scheduler.start()

def start_monitor_bwdown(ip):
    monitor_cli = MoniterBWdownClient(ip=ip, port=6667)
    monitor_cli.start()

def scheduler_for_bandwidth_monitor_bwdown(ip, interval):
    # 创建调度器
    scheduler = BackgroundScheduler(timezone='MST')
    # 每隔 interval 秒就创建一个带宽监视进程 用来获取最新带宽
    scheduler.add_job(start_monitor_bwdown, 'interval', seconds=interval, args=[ip])
    scheduler.start()

if __name__ == '__main__':
    cv_task = 'image_classification'
    dataset_name = 'cifar100'
    model_name = 'resnet18'
    method = 'legodnn'
    edge_device = args.edge_device
    cloud_device = args.cloud_device
    compress_layer_max_ratio = 0.125
    model_input_size = (1, 3, 32, 32)

    block_sparsity = [0.0, 0.2, 0.4, 0.6, 0.8]
    root_path = os.path.join(args.path, cv_task,
                             model_name + '_' + dataset_name + '_' + str(compress_layer_max_ratio).replace('.', '-'))

    compressed_blocks_dir_path = root_path + '/compressed'
    trained_blocks_dir_path = root_path + '/trained'
    descendant_models_dir_path = root_path + '/descendant'
    offload_dir_path = root_path + '/offload'
    block_training_max_epoch = 65
    test_sample_num = 100
    ip = args.ip
    # ip = '127.0.0.1'
    port = args.port

    # checkpoint = '/data/gxy/legodnn-auto-on-cv-models/cv_task_model/image_classification/cifar100/resnet18/2024-10-14/20-15-10/resnet18.pth'
    teacher_model = resnet18(num_classes=100).to(edge_device)
    # teacher_model.load_state_dict(torch.load(checkpoint)['net'])

    monitor_cli = MoniterBWupClient(ip=ip, port=6666, first=True)
    monitor_cli.start()
    monitor_cli.join()

    monitor_cli = MoniterBWdownClient(ip=ip, port=6667, first=True)
    monitor_cli.start()
    monitor_cli.join()

    scheduler_for_bandwidth_monitor_bwup(ip, 3)
    scheduler_for_bandwidth_monitor_bwdown(ip, 3)

    print('\033[1;36m-------------------------------->    BUILD LEGODNN GRAPH\033[0m')
    model_graph = topology_extraction(teacher_model, model_input_size, device=edge_device, mode='unpack')
    model_graph.print_ordered_node()

    print('\033[1;36m-------------------------------->    START BLOCK DETECTION\033[0m')
    detection_manager = CommonDetectionManager(model_graph, max_ratio=compress_layer_max_ratio)
    detection_manager.detection_all_blocks()
    detection_manager.print_all_blocks()

    model_manager = CommonModelManager()
    block_manager = AutoBlockManager(block_sparsity, detection_manager, model_manager)

    print('\033[1;36m-------------------------------->    CHECK BLOCK PROFILES\033[0m')
    p_client = LegodnnProfilesClient(ip, 9000, trained_blocks_dir_path)
    p_client.start()
    p_client.join()

    print('\033[1;36m-------------------------------->    START BLOCK PROFILING\033[0m')
    edge_block_profiler = BlockProfiler(block_manager, model_manager, trained_blocks_dir_path, offload_dir_path, test_sample_num, model_input_size, edge_device, 'edge')
    edge_block_profiler.profile_all_blocks()

    print('\033[1;36m-------------------------------->    TRANSMIT EDGE PROFILES\033[0m')
    s_client = LegodnnSendingClient(ip, 9001, offload_dir_path)
    s_client.start()
    s_client.join()

    while True:
        time.sleep(1)

    # optimal_runtime = OptimalRuntime(trained_blocks_dir_path, offload_dir_path, model_input_size, block_manager, model_manager, device)
    # model_size_min = get_model_size(torch.load(os.path.join(compressed_blocks_dir_path, 'model_frame.pt'))) / 1024 ** 2
    # model_size_max = get_model_size(teacher_model) / 1024 ** 2 + 1

2024-11-01 14:39:39,060 - log.py[40] - DEBUG: entry file content: ---------------------------------
2024-11-01 14:39:50,154 - deployment.py[124] - INFO: raw block info: {"index": 0, "id": "block-0", "latency": 0.001296970844268799}
2024-11-01 14:39:50,401 - deployment.py[124] - INFO: raw block info: {"index": 1, "id": "block-1", "latency": 0.0007077980041503906}
2024-11-01 14:39:50,574 - deployment.py[124] - INFO: raw block info: {"index": 2, "id": "block-2", "latency": 0.0007374978065490723}
2024-11-01 14:39:50,823 - deployment.py[124] - INFO: raw block info: {"index": 3, "id": "block-3", "latency": 0.0006378936767578125}
2024-11-01 14:39:51,085 - deployment.py[124] - INFO: raw block info: {"index": 4, "id": "block-4", "latency": 0.0012612652778625489}
2024-11-01 14:39:51,317 - deployment.py[124] - INFO: raw block info: {"index": 5, "id": "block-5", "latency": 0.0005681705474853515}
2024-11-01 14:39:51,466 - deployment.py[124] - INFO: raw block info: {"index": 6, "id": "block-6", "latency": 0.0006875419616699219}
2024-11-01 14:39:51,661 - deployment.py[124] - INFO: raw block info: {"index": 7, "id": "block-7", "latency": 0.0005680704116821289}
2024-11-01 14:39:51,664 - pure_runtime.py[26] - INFO: load blocks with sparsity [0.0, 0.0, 0.0, 0.0, 0.0, 0.0, 0.0, 0.0]
2024-11-01 14:39:51,668 - pure_runtime.py[42] - DEBUG: load 0th block (block-0) (sparsity 0.0) from file
2024-11-01 14:39:51,671 - pure_runtime.py[42] - DEBUG: load 1th block (block-1) (sparsity 0.0) from file
2024-11-01 14:39:51,674 - pure_runtime.py[42] - DEBUG: load 2th block (block-2) (sparsity 0.0) from file
2024-11-01 14:39:51,679 - pure_runtime.py[42] - DEBUG: load 3th block (block-3) (sparsity 0.0) from file
2024-11-01 14:39:51,684 - pure_runtime.py[42] - DEBUG: load 4th block (block-4) (sparsity 0.0) from file
2024-11-01 14:39:51,690 - pure_runtime.py[42] - DEBUG: load 5th block (block-5) (sparsity 0.0) from file
2024-11-01 14:39:51,702 - pure_runtime.py[42] - DEBUG: load 6th block (block-6) (sparsity 0.0) from file
2024-11-01 14:39:51,716 - pure_runtime.py[42] - DEBUG: load 7th block (block-7) (sparsity 0.0) from file
2024-11-01 14:39:53,401 - deployment.py[187] - INFO: block block-0 (sparsity 0.0) latency rel drop: 0.000% (0.002s -> 0.002s)
2024-11-01 14:39:53,716 - deployment.py[187] - INFO: block block-0 (sparsity 0.2) latency rel drop: 3.281% (0.002s -> 0.001s)
2024-11-01 14:39:54,037 - deployment.py[187] - INFO: block block-0 (sparsity 0.4) latency rel drop: -2.207% (0.002s -> 0.002s)
2024-11-01 14:39:54,281 - deployment.py[187] - INFO: block block-0 (sparsity 0.6) latency rel drop: 53.718% (0.002s -> 0.001s)
2024-11-01 14:39:54,547 - deployment.py[187] - INFO: block block-0 (sparsity 0.8) latency rel drop: 16.392% (0.002s -> 0.001s)
2024-11-01 14:39:55,154 - deployment.py[187] - INFO: block block-1 (sparsity 0.0) latency rel drop: 0.000% (0.001s -> 0.001s)
2024-11-01 14:39:55,401 - deployment.py[187] - INFO: block block-1 (sparsity 0.2) latency rel drop: 61.585% (0.001s -> 0.001s)
2024-11-01 14:39:55,683 - deployment.py[187] - INFO: block block-1 (sparsity 0.4) latency rel drop: 3.004% (0.001s -> 0.001s)
2024-11-01 14:39:55,955 - deployment.py[187] - INFO: block block-1 (sparsity 0.6) latency rel drop: 6.337% (0.001s -> 0.001s)
2024-11-01 14:39:56,171 - deployment.py[187] - INFO: block block-1 (sparsity 0.8) latency rel drop: 59.456% (0.001s -> 0.001s)
2024-11-01 14:39:56,552 - deployment.py[187] - INFO: block block-2 (sparsity 0.0) latency rel drop: 0.000% (0.001s -> 0.001s)
2024-11-01 14:39:56,747 - deployment.py[187] - INFO: block block-2 (sparsity 0.2) latency rel drop: -10.119% (0.001s -> 0.001s)
2024-11-01 14:39:56,920 - deployment.py[187] - INFO: block block-2 (sparsity 0.4) latency rel drop: 6.452% (0.001s -> 0.001s)
2024-11-01 14:39:57,071 - deployment.py[187] - INFO: block block-2 (sparsity 0.6) latency rel drop: -16.885% (0.001s -> 0.001s)
2024-11-01 14:39:57,220 - deployment.py[187] - INFO: block block-2 (sparsity 0.8) latency rel drop: -15.551% (0.001s -> 0.001s)
2024-11-01 14:39:57,801 - deployment.py[187] - INFO: block block-3 (sparsity 0.0) latency rel drop: 0.000% (0.001s -> 0.001s)
2024-11-01 14:39:58,094 - deployment.py[187] - INFO: block block-3 (sparsity 0.2) latency rel drop: 2.113% (0.001s -> 0.001s)
2024-11-01 14:39:58,361 - deployment.py[187] - INFO: block block-3 (sparsity 0.4) latency rel drop: 11.194% (0.001s -> 0.001s)
2024-11-01 14:39:58,607 - deployment.py[187] - INFO: block block-3 (sparsity 0.6) latency rel drop: 46.595% (0.001s -> 0.001s)
2024-11-01 14:39:58,832 - deployment.py[187] - INFO: block block-3 (sparsity 0.8) latency rel drop: 46.932% (0.001s -> 0.001s)
2024-11-01 14:39:59,546 - deployment.py[187] - INFO: block block-4 (sparsity 0.0) latency rel drop: 0.000% (0.001s -> 0.001s)
2024-11-01 14:39:59,719 - deployment.py[187] - INFO: block block-4 (sparsity 0.2) latency rel drop: 55.439% (0.001s -> 0.001s)
2024-11-01 14:39:59,883 - deployment.py[187] - INFO: block block-4 (sparsity 0.4) latency rel drop: 55.443% (0.001s -> 0.001s)
2024-11-01 14:40:00,012 - deployment.py[187] - INFO: block block-4 (sparsity 0.6) latency rel drop: 51.876% (0.001s -> 0.001s)
2024-11-01 14:40:00,149 - deployment.py[187] - INFO: block block-4 (sparsity 0.8) latency rel drop: 53.949% (0.001s -> 0.001s)
2024-11-01 14:40:00,634 - deployment.py[187] - INFO: block block-5 (sparsity 0.0) latency rel drop: 0.000% (0.001s -> 0.001s)
2024-11-01 14:40:00,864 - deployment.py[187] - INFO: block block-5 (sparsity 0.2) latency rel drop: 17.337% (0.001s -> 0.001s)
2024-11-01 14:40:01,072 - deployment.py[187] - INFO: block block-5 (sparsity 0.4) latency rel drop: 18.743% (0.001s -> 0.001s)
2024-11-01 14:40:01,270 - deployment.py[187] - INFO: block block-5 (sparsity 0.6) latency rel drop: 25.626% (0.001s -> 0.001s)
2024-11-01 14:40:01,419 - deployment.py[187] - INFO: block block-5 (sparsity 0.8) latency rel drop: 17.566% (0.001s -> 0.001s)
2024-11-01 14:40:01,692 - deployment.py[187] - INFO: block block-6 (sparsity 0.0) latency rel drop: 0.000% (0.001s -> 0.001s)
2024-11-01 14:40:01,828 - deployment.py[187] - INFO: block block-6 (sparsity 0.2) latency rel drop: 7.583% (0.001s -> 0.001s)
2024-11-01 14:40:01,951 - deployment.py[187] - INFO: block block-6 (sparsity 0.4) latency rel drop: 14.163% (0.001s -> 0.001s)
2024-11-01 14:40:02,067 - deployment.py[187] - INFO: block block-6 (sparsity 0.6) latency rel drop: 19.973% (0.001s -> 0.001s)
2024-11-01 14:40:02,181 - deployment.py[187] - INFO: block block-6 (sparsity 0.8) latency rel drop: 19.419% (0.001s -> 0.001s)
2024-11-01 14:40:02,682 - deployment.py[187] - INFO: block block-7 (sparsity 0.0) latency rel drop: 0.000% (0.001s -> 0.001s)
2024-11-01 14:40:02,896 - deployment.py[187] - INFO: block block-7 (sparsity 0.2) latency rel drop: 23.211% (0.001s -> 0.001s)
2024-11-01 14:40:03,095 - deployment.py[187] - INFO: block block-7 (sparsity 0.4) latency rel drop: 15.281% (0.001s -> 0.001s)
2024-11-01 14:40:03,306 - deployment.py[187] - INFO: block block-7 (sparsity 0.6) latency rel drop: 12.637% (0.001s -> 0.001s)
2024-11-01 14:40:03,496 - deployment.py[187] - INFO: block block-7 (sparsity 0.8) latency rel drop: 28.420% (0.001s -> 0.001s)
