2024-10-31 18:54:23,694 - log.py[38] - DEBUG: entry file content: ---------------------------------
2024-10-31 18:54:23,694 - log.py[39] - DEBUG: 
import glob
import os
import argparse
import time
import sys

print(sys.path)
sys.path.append(os.getcwd())

from cv_task.image_classification.cifar.models import resnet18
import torch
from legodnn.block_detection.model_topology_extraction import topology_extraction
from legodnn.presets.common_detection_manager_1204_new import CommonDetectionManager
from legodnn.model_manager.common_model_manager import CommonModelManager
from legodnn.presets.auto_block_manager import AutoBlockManager
from offload.deployment import OptimalRuntime, BlockProfiler
from legodnn.utils.dl.common.model import get_model_size
from offload.net.client import LegodnnProfilesClient, LegodnnSendingClient, MoniterBWupClient, MoniterBWdownClient
from apscheduler.schedulers.background import BackgroundScheduler
import logging


parser = argparse.ArgumentParser()
parser.add_argument('--ip', type=str, help='ip地址', default='10.1.114.109')
parser.add_argument('--port', type=int, help='端口号', default=9999)
parser.add_argument('--path', type=str, help='保存路径', default='./results/legodnn')
parser.add_argument('--edge_device', type=str, help='使用设备', default='cpu')
parser.add_argument('--cloud_device', type=str, help='使用设备', default='cuda')
args = parser.parse_args()

logging.getLogger('apscheduler').setLevel(logging.WARNING)

def start_monitor_bwup(ip):
    monitor_ser = MoniterBWupClient(ip=ip, port=6666)
    monitor_ser.start()
    # monitor_ser.join()

def scheduler_for_bandwidth_monitor_bwup(ip, interval):
    # 创建调度器
    scheduler = BackgroundScheduler(timezone='MST')
    scheduler.add_job(start_monitor_bwup, 'interval', seconds=interval, args=[ip])
    scheduler.start()

def start_monitor_bwdown(ip):
    monitor_cli = MoniterBWdownClient(ip=ip, port=6667)
    monitor_cli.start()

def scheduler_for_bandwidth_monitor_bwdown(ip, interval):
    # 创建调度器
    scheduler = BackgroundScheduler(timezone='MST')
    # 每隔 interval 秒就创建一个带宽监视进程 用来获取最新带宽
    scheduler.add_job(start_monitor_bwdown, 'interval', seconds=interval, args=[ip])
    scheduler.start()

if __name__ == '__main__':
    cv_task = 'image_classification'
    dataset_name = 'cifar100'
    model_name = 'resnet18'
    method = 'legodnn'
    edge_device = args.edge_device
    cloud_device = args.cloud_device
    compress_layer_max_ratio = 0.125
    model_input_size = (1, 3, 32, 32)

    block_sparsity = [0.0, 0.2, 0.4, 0.6, 0.8]
    root_path = os.path.join(args.path, cv_task,
                             model_name + '_' + dataset_name + '_' + str(compress_layer_max_ratio).replace('.', '-'))

    compressed_blocks_dir_path = root_path + '/compressed'
    trained_blocks_dir_path = root_path + '/trained'
    descendant_models_dir_path = root_path + '/descendant'
    offload_dir_path = root_path + '/offload'
    block_training_max_epoch = 65
    test_sample_num = 100
    # ip = args.ip
    ip = '127.0.0.1'
    port = args.port

    # checkpoint = '/data/gxy/legodnn-auto-on-cv-models/cv_task_model/image_classification/cifar100/resnet18/2024-10-14/20-15-10/resnet18.pth'
    teacher_model = resnet18(num_classes=100).to(edge_device)
    # teacher_model.load_state_dict(torch.load(checkpoint)['net'])

    # monitor_cli = MoniterBWupClient(ip=ip, port=6666)
    # monitor_cli.start()
    # monitor_cli.join()
    #
    # monitor_cli = MoniterBWdownClient(ip=ip, port=6667)
    # monitor_cli.start()
    # monitor_cli.join()
    #
    # scheduler_for_bandwidth_monitor_bwup(ip, 3)
    # scheduler_for_bandwidth_monitor_bwdown(ip, 3)

    print('\033[1;36m-------------------------------->    BUILD LEGODNN GRAPH\033[0m')
    model_graph = topology_extraction(teacher_model, model_input_size, device=edge_device, mode='unpack')
    model_graph.print_ordered_node()

    print('\033[1;36m-------------------------------->    START BLOCK DETECTION\033[0m')
    detection_manager = CommonDetectionManager(model_graph, max_ratio=compress_layer_max_ratio)
    detection_manager.detection_all_blocks()
    detection_manager.print_all_blocks()

    model_manager = CommonModelManager()
    block_manager = AutoBlockManager(block_sparsity, detection_manager, model_manager)

    # print('\033[1;36m-------------------------------->    CHECK BLOCK PROFILES\033[0m')
    # p_client = LegodnnProfilesClient(ip, 9000, trained_blocks_dir_path)
    # p_client.start()
    # p_client.join()

    print('\033[1;36m-------------------------------->    START BLOCK PROFILING\033[0m')
    edge_block_profiler = BlockProfiler(block_manager, model_manager, trained_blocks_dir_path, offload_dir_path, test_sample_num, model_input_size, edge_device, 'edge')
    edge_block_profiler.profile_all_blocks()

    # print('\033[1;36m-------------------------------->    TRANSMIT EDGE PROFILES\033[0m')
    # s_client = LegodnnSendingClient(ip, 9001, offload_dir_path)
    # s_client.start()
    # s_client.join()

    while True:
        time.sleep(1)

    # optimal_runtime = OptimalRuntime(trained_blocks_dir_path, offload_dir_path, model_input_size, block_manager, model_manager, device)
    # model_size_min = get_model_size(torch.load(os.path.join(compressed_blocks_dir_path, 'model_frame.pt'))) / 1024 ** 2
    # model_size_max = get_model_size(teacher_model) / 1024 ** 2 + 1

2024-10-31 18:54:23,694 - log.py[40] - DEBUG: entry file content: ---------------------------------
2024-10-31 18:54:26,279 - deployment.py[124] - INFO: raw block info: {"index": 0, "id": "block-0", "latency": 0.0012589025497436524}
2024-10-31 18:54:26,525 - deployment.py[124] - INFO: raw block info: {"index": 1, "id": "block-1", "latency": 0.0013046789169311524}
2024-10-31 18:54:26,697 - deployment.py[124] - INFO: raw block info: {"index": 2, "id": "block-2", "latency": 0.0006583285331726074}
2024-10-31 18:54:26,969 - deployment.py[124] - INFO: raw block info: {"index": 3, "id": "block-3", "latency": 0.0013192129135131837}
2024-10-31 18:54:27,215 - deployment.py[124] - INFO: raw block info: {"index": 4, "id": "block-4", "latency": 0.0007501649856567383}
2024-10-31 18:54:27,442 - deployment.py[124] - INFO: raw block info: {"index": 5, "id": "block-5", "latency": 0.000648508071899414}
2024-10-31 18:54:27,580 - deployment.py[124] - INFO: raw block info: {"index": 6, "id": "block-6", "latency": 0.0006578373908996582}
2024-10-31 18:54:27,813 - deployment.py[124] - INFO: raw block info: {"index": 7, "id": "block-7", "latency": 0.0007291936874389649}
2024-10-31 18:54:27,818 - pure_runtime.py[26] - INFO: load blocks with sparsity [0.0, 0.0, 0.0, 0.0, 0.0, 0.0, 0.0, 0.0]
2024-10-31 18:54:27,821 - pure_runtime.py[42] - DEBUG: load 0th block (block-0) (sparsity 0.0) from file
2024-10-31 18:54:27,824 - pure_runtime.py[42] - DEBUG: load 1th block (block-1) (sparsity 0.0) from file
2024-10-31 18:54:27,827 - pure_runtime.py[42] - DEBUG: load 2th block (block-2) (sparsity 0.0) from file
2024-10-31 18:54:27,830 - pure_runtime.py[42] - DEBUG: load 3th block (block-3) (sparsity 0.0) from file
2024-10-31 18:54:27,835 - pure_runtime.py[42] - DEBUG: load 4th block (block-4) (sparsity 0.0) from file
2024-10-31 18:54:27,841 - pure_runtime.py[42] - DEBUG: load 5th block (block-5) (sparsity 0.0) from file
2024-10-31 18:54:27,852 - pure_runtime.py[42] - DEBUG: load 6th block (block-6) (sparsity 0.0) from file
2024-10-31 18:54:27,867 - pure_runtime.py[42] - DEBUG: load 7th block (block-7) (sparsity 0.0) from file
2024-10-31 18:54:29,414 - deployment.py[187] - INFO: block block-0 (sparsity 0.0) latency rel drop: 0.000% (0.001s -> 0.001s)
2024-10-31 18:54:29,721 - deployment.py[187] - INFO: block block-0 (sparsity 0.2) latency rel drop: -1.833% (0.001s -> 0.001s)
2024-10-31 18:54:30,005 - deployment.py[187] - INFO: block block-0 (sparsity 0.4) latency rel drop: 3.277% (0.001s -> 0.001s)
2024-10-31 18:54:30,258 - deployment.py[187] - INFO: block block-0 (sparsity 0.6) latency rel drop: 50.567% (0.001s -> 0.001s)
2024-10-31 18:54:30,486 - deployment.py[187] - INFO: block block-0 (sparsity 0.8) latency rel drop: 47.939% (0.001s -> 0.001s)
2024-10-31 18:54:31,002 - deployment.py[187] - INFO: block block-1 (sparsity 0.0) latency rel drop: 0.000% (0.001s -> 0.001s)
2024-10-31 18:54:31,250 - deployment.py[187] - INFO: block block-1 (sparsity 0.2) latency rel drop: 0.063% (0.001s -> 0.001s)
2024-10-31 18:54:31,486 - deployment.py[187] - INFO: block block-1 (sparsity 0.4) latency rel drop: 7.087% (0.001s -> 0.001s)
2024-10-31 18:54:31,748 - deployment.py[187] - INFO: block block-1 (sparsity 0.6) latency rel drop: -56.044% (0.001s -> 0.001s)
2024-10-31 18:54:31,958 - deployment.py[187] - INFO: block block-1 (sparsity 0.8) latency rel drop: 30.364% (0.001s -> 0.001s)
2024-10-31 18:54:32,292 - deployment.py[187] - INFO: block block-2 (sparsity 0.0) latency rel drop: 0.000% (0.001s -> 0.001s)
2024-10-31 18:54:32,462 - deployment.py[187] - INFO: block block-2 (sparsity 0.2) latency rel drop: 16.410% (0.001s -> 0.001s)
2024-10-31 18:54:32,586 - deployment.py[187] - INFO: block block-2 (sparsity 0.4) latency rel drop: 9.526% (0.001s -> 0.001s)
2024-10-31 18:54:32,732 - deployment.py[187] - INFO: block block-2 (sparsity 0.6) latency rel drop: -6.764% (0.001s -> 0.001s)
2024-10-31 18:54:32,862 - deployment.py[187] - INFO: block block-2 (sparsity 0.8) latency rel drop: 7.516% (0.001s -> 0.001s)
2024-10-31 18:54:33,346 - deployment.py[187] - INFO: block block-3 (sparsity 0.0) latency rel drop: 0.000% (0.001s -> 0.001s)
2024-10-31 18:54:33,597 - deployment.py[187] - INFO: block block-3 (sparsity 0.2) latency rel drop: -67.591% (0.001s -> 0.001s)
2024-10-31 18:54:33,834 - deployment.py[187] - INFO: block block-3 (sparsity 0.4) latency rel drop: -0.262% (0.001s -> 0.001s)
2024-10-31 18:54:34,078 - deployment.py[187] - INFO: block block-3 (sparsity 0.6) latency rel drop: -2.421% (0.001s -> 0.001s)
2024-10-31 18:54:34,278 - deployment.py[187] - INFO: block block-3 (sparsity 0.8) latency rel drop: 26.182% (0.001s -> 0.001s)
2024-10-31 18:54:34,781 - deployment.py[187] - INFO: block block-4 (sparsity 0.0) latency rel drop: 0.000% (0.001s -> 0.001s)
2024-10-31 18:54:34,946 - deployment.py[187] - INFO: block block-4 (sparsity 0.2) latency rel drop: 53.860% (0.001s -> 0.001s)
2024-10-31 18:54:35,063 - deployment.py[187] - INFO: block block-4 (sparsity 0.4) latency rel drop: 58.506% (0.001s -> 0.001s)
2024-10-31 18:54:35,189 - deployment.py[187] - INFO: block block-4 (sparsity 0.6) latency rel drop: 46.369% (0.001s -> 0.001s)
2024-10-31 18:54:35,317 - deployment.py[187] - INFO: block block-4 (sparsity 0.8) latency rel drop: 48.682% (0.001s -> 0.001s)
2024-10-31 18:54:35,794 - deployment.py[187] - INFO: block block-5 (sparsity 0.0) latency rel drop: 0.000% (0.001s -> 0.001s)
2024-10-31 18:54:35,992 - deployment.py[187] - INFO: block block-5 (sparsity 0.2) latency rel drop: 16.226% (0.001s -> 0.001s)
2024-10-31 18:54:36,190 - deployment.py[187] - INFO: block block-5 (sparsity 0.4) latency rel drop: 8.187% (0.001s -> 0.001s)
2024-10-31 18:54:36,383 - deployment.py[187] - INFO: block block-5 (sparsity 0.6) latency rel drop: 21.686% (0.001s -> 0.001s)
2024-10-31 18:54:36,543 - deployment.py[187] - INFO: block block-5 (sparsity 0.8) latency rel drop: 9.440% (0.001s -> 0.001s)
2024-10-31 18:54:36,823 - deployment.py[187] - INFO: block block-6 (sparsity 0.0) latency rel drop: 0.000% (0.001s -> 0.001s)
2024-10-31 18:54:36,923 - deployment.py[187] - INFO: block block-6 (sparsity 0.2) latency rel drop: 21.951% (0.001s -> 0.000s)
2024-10-31 18:54:37,051 - deployment.py[187] - INFO: block block-6 (sparsity 0.4) latency rel drop: 11.193% (0.001s -> 0.001s)
2024-10-31 18:54:37,176 - deployment.py[187] - INFO: block block-6 (sparsity 0.6) latency rel drop: 9.290% (0.001s -> 0.001s)
2024-10-31 18:54:37,282 - deployment.py[187] - INFO: block block-6 (sparsity 0.8) latency rel drop: 26.024% (0.001s -> 0.000s)
2024-10-31 18:54:37,727 - deployment.py[187] - INFO: block block-7 (sparsity 0.0) latency rel drop: 0.000% (0.001s -> 0.001s)
2024-10-31 18:54:37,954 - deployment.py[187] - INFO: block block-7 (sparsity 0.2) latency rel drop: 7.202% (0.001s -> 0.001s)
2024-10-31 18:54:38,166 - deployment.py[187] - INFO: block block-7 (sparsity 0.4) latency rel drop: 15.077% (0.001s -> 0.001s)
2024-10-31 18:54:38,342 - deployment.py[187] - INFO: block block-7 (sparsity 0.6) latency rel drop: 8.830% (0.001s -> 0.001s)
2024-10-31 18:54:38,533 - deployment.py[187] - INFO: block block-7 (sparsity 0.8) latency rel drop: 23.817% (0.001s -> 0.001s)
